<?xml version="1.0" encoding="UTF-8"?>
<testsuite xmlns:xsi="http://www.w3.org/2001/XMLSchema-instance" xsi:noNamespaceSchemaLocation="https://maven.apache.org/surefire/maven-surefire-plugin/xsd/surefire-test-report.xsd" name="runner.TestRunner" time="464.037" tests="14" errors="0" skipped="0" failures="0">
  <properties>
[...]
</properties>
  <testcase name="Login with valid credentials #1" classname="Login functionality" time="54.452"/>
  <testcase name="Login with valid credentials #2" classname="Login functionality" time="29.799"/>
  <testcase name="Login with valid credentials #3" classname="Login functionality" time="28.932"/>
  <testcase name="Login with invalid credentials" classname="Login functionality" time="29.933"/>
  <testcase name="Login with valid email and invalid password" classname="Login functionality" time="28.84"/>
  <testcase name="Login with invalid email and valid password" classname="Login functionality" time="29.186"/>
  <testcase name="Login without providing any credentials" classname="Login functionality" time="26.47"/>
  <testcase name="User creates an account only with mandatory fields" classname="Resgistration functionality" time="33.792"/>
  <testcase name="User creates an account all fields" classname="Resgistration functionality" time="46.089"/>
  <testcase name="User creates a duplicate account" classname="Resgistration functionality" time="37.717"/>
  <testcase name="User creates an account without filling any details" classname="Resgistration functionality" time="34.419"/>
  <testcase name="User searches for a valid product" classname="Search functionality" time="24.195"/>
  <testcase name="User searches for a invalid product" classname="Search functionality" time="24.595"/>
  <testcase name="User searches without any product" classname="Search functionality" time="23.019"/>
</testsuite>